{"name": "test_demo", "status": "failed", "statusDetails": {"message": "AssertionError: assert 3 == 4", "trace": "@pytest.mark.flaky(reruns=2,reruns_delay=2)\n    def test_demo():\n>       assert 3 == 4\nE       assert 3 == 4\n\ntest_demo.py:7: AssertionError"}, "start": 1669105102308, "stop": 1669105102308, "uuid": "16c53a5c-7a4d-472f-b925-b9be440dce88", "historyId": "be86bdf88c104431d240b2a182d86acd", "testCaseId": "dcca80bd894cd9e93f55ec05ddf79b00", "fullName": "test_demo#test_demo", "labels": [{"name": "tag", "value": "flaky(reruns=2, reruns_delay=2)"}, {"name": "suite", "value": "test_demo"}, {"name": "host", "value": "DESKTOP-HOJ65T2"}, {"name": "thread", "value": "5276-MainThread"}, {"name": "framework", "value": "pytest"}, {"name": "language", "value": "cpython3"}, {"name": "package", "value": "test_demo"}]}